0 verbose cli /Users/stanpribytkovsky/.nvm/versions/node/v18.18.0/bin/node /Users/stanpribytkovsky/.nvm/versions/node/v18.18.0/bin/npm
1 info using npm@9.8.1
2 info using node@v18.18.0
3 timing npm:load:whichnode Completed in 2ms
4 timing config:load:defaults Completed in 2ms
5 timing config:load:file:/Users/stanpribytkovsky/.nvm/versions/node/v18.18.0/lib/node_modules/npm/npmrc Completed in 0ms
6 timing config:load:builtin Completed in 0ms
7 timing config:load:cli Completed in 2ms
8 timing config:load:env Completed in 0ms
9 timing config:load:file:/Users/stanpribytkovsky/repos/WishThereWasApp/.npmrc Completed in 0ms
10 timing config:load:project Completed in 4ms
11 timing config:load:file:/Users/stanpribytkovsky/.npmrc Completed in 1ms
12 timing config:load:user Completed in 1ms
13 timing config:load:file:/Users/stanpribytkovsky/.nvm/versions/node/v18.18.0/etc/npmrc Completed in 0ms
14 timing config:load:global Completed in 1ms
15 timing config:load:setEnvs Completed in 0ms
16 timing config:load Completed in 10ms
17 timing npm:load:configload Completed in 10ms
18 timing config:load:flatten Completed in 2ms
19 timing npm:load:mkdirpcache Completed in 0ms
20 timing npm:load:mkdirplogs Completed in 0ms
21 verbose title npm run android
22 verbose argv "run" "android"
23 timing npm:load:setTitle Completed in 16ms
24 timing npm:load:display Completed in 0ms
25 verbose logfile logs-max:10 dir:/Users/stanpribytkovsky/repos/WishThereWasApp/_logs/2023-09-24T15_41_22_129Z-
26 verbose logfile /Users/stanpribytkovsky/repos/WishThereWasApp/_logs/2023-09-24T15_41_22_129Z-debug-0.log
27 timing npm:load:logFile Completed in 8ms
28 timing npm:load:timers Completed in 0ms
29 timing npm:load:configScope Completed in 1ms
30 timing npm:load Completed in 55ms
31 silly logfile start cleaning logs, removing 1 files
32 silly logfile done cleaning log files
33 timing command:run Completed in 17344ms
34 verbose exit 0
35 timing npm Completed in 17441ms
36 info ok
